Using pre-set license
Built from '2020.3/staging' branch; Version is '2020.3.22f1 (e1a7f79fd887) revision 14788599'; Using compiler version '192528614'; Build Type 'Release'
OS: 'Windows 10 Home Single Language; OS build 19043.1348; Version 2009; 64bit' Language: 'ru' Physical Memory: 15733 MB
BatchMode: 1, IsHumanControllingUs: 0, StartBugReporterOnCrash: 0, Is64bit: 1, IsPro: 0

COMMAND LINE ARGUMENTS:
C:\Program Files\Unity\Hub\Editor\2020.3.22f1\Editor\Unity.exe
-adb2
-batchMode
-noUpm
-name
AssetImportWorker0
-projectPath
E:/Tower Defense 2
-logFile
Logs/AssetImportWorker0.log
-srvPort
60924
Successfully changed project path to: E:/Tower Defense 2
E:/Tower Defense 2
Using Asset Import Pipeline V2.
Refreshing native plugins compatible for Editor in 32.01 ms, found 2 plugins.
Preloading 0 native plugins for Editor in 0.00 ms.
Initialize engine version: 2020.3.22f1 (e1a7f79fd887)
[Subsystems] Discovering subsystems at path C:/Program Files/Unity/Hub/Editor/2020.3.22f1/Editor/Data/Resources/UnitySubsystems
[Subsystems] Discovering subsystems at path E:/Tower Defense 2/Assets
GfxDevice: creating device client; threaded=0
Direct3D:
    Version:  Direct3D 11.0 [level 11.1]
    Renderer: NVIDIA GeForce GTX 1650 Ti (ID=0x1f95)
    Vendor:   
    VRAM:     3962 MB
    Driver:   30.0.14.7212
Initialize mono
Mono path[0] = 'C:/Program Files/Unity/Hub/Editor/2020.3.22f1/Editor/Data/Managed'
Mono path[1] = 'C:/Program Files/Unity/Hub/Editor/2020.3.22f1/Editor/Data/MonoBleedingEdge/lib/mono/unityjit'
Mono config path = 'C:/Program Files/Unity/Hub/Editor/2020.3.22f1/Editor/Data/MonoBleedingEdge/etc'
Using monoOptions --debugger-agent=transport=dt_socket,embedding=1,server=y,suspend=n,address=127.0.0.1:56192
Begin MonoManager ReloadAssembly
Registering precompiled unity dll's ...
Register platform support module: C:/Program Files/Unity/Hub/Editor/2020.3.22f1/Editor/Data/PlaybackEngines/WindowsStandaloneSupport/UnityEditor.WindowsStandalone.Extensions.dll
Registered in 0.001417 seconds.
Native extension for WindowsStandalone target not found
Refreshing native plugins compatible for Editor in 31.82 ms, found 2 plugins.
Preloading 0 native plugins for Editor in 0.00 ms.
Mono: successfully reloaded assembly
- Completed reload, in  0.890 seconds
Domain Reload Profiling:
	ReloadAssembly (891ms)
		BeginReloadAssembly (50ms)
			ExecutionOrderSort (0ms)
			DisableScriptedObjects (0ms)
			BackupInstance (0ms)
			ReleaseScriptingObjects (0ms)
			CreateAndSetChildDomain (1ms)
		EndReloadAssembly (396ms)
			LoadAssemblies (48ms)
			RebuildTransferFunctionScriptingTraits (0ms)
			SetupTypeCache (133ms)
			ReleaseScriptCaches (0ms)
			RebuildScriptCaches (28ms)
			SetupLoadedEditorAssemblies (149ms)
				LogAssemblyErrors (0ms)
				InitializePlatformSupportModulesInManaged (4ms)
				SetLoadedEditorAssemblies (0ms)
				RefreshPlugins (32ms)
				BeforeProcessingInitializeOnLoad (15ms)
				ProcessInitializeOnLoadAttributes (72ms)
				ProcessInitializeOnLoadMethodAttributes (26ms)
				AfterProcessingInitializeOnLoad (0ms)
				EditorAssembliesLoaded (0ms)
			ExecutionOrderSort2 (0ms)
			AwakeInstancesAfterBackupRestoration (0ms)
Platform modules already initialized, skipping
Registering precompiled user dll's ...
Registered in 0.003079 seconds.
Begin MonoManager ReloadAssembly
Native extension for WindowsStandalone target not found
Refreshing native plugins compatible for Editor in 0.37 ms, found 2 plugins.
Preloading 0 native plugins for Editor in 0.00 ms.
Mono: successfully reloaded assembly
- Completed reload, in  0.917 seconds
Domain Reload Profiling:
	ReloadAssembly (918ms)
		BeginReloadAssembly (130ms)
			ExecutionOrderSort (0ms)
			DisableScriptedObjects (4ms)
			BackupInstance (0ms)
			ReleaseScriptingObjects (0ms)
			CreateAndSetChildDomain (19ms)
		EndReloadAssembly (731ms)
			LoadAssemblies (76ms)
			RebuildTransferFunctionScriptingTraits (0ms)
			SetupTypeCache (253ms)
			ReleaseScriptCaches (0ms)
			RebuildScriptCaches (39ms)
			SetupLoadedEditorAssemblies (282ms)
				LogAssemblyErrors (0ms)
				InitializePlatformSupportModulesInManaged (4ms)
				SetLoadedEditorAssemblies (0ms)
				RefreshPlugins (0ms)
				BeforeProcessingInitializeOnLoad (70ms)
				ProcessInitializeOnLoadAttributes (194ms)
				ProcessInitializeOnLoadMethodAttributes (9ms)
				AfterProcessingInitializeOnLoad (5ms)
				EditorAssembliesLoaded (0ms)
			ExecutionOrderSort2 (0ms)
			AwakeInstancesAfterBackupRestoration (6ms)
Platform modules already initialized, skipping
========================================================================
Worker process is ready to serve import requests
Launched and connected shader compiler UnityShaderCompiler.exe after 0.04 seconds
Refreshing native plugins compatible for Editor in 0.43 ms, found 2 plugins.
Preloading 0 native plugins for Editor in 0.00 ms.
Unloading 1616 Unused Serialized files (Serialized files now loaded: 0)
System memory in use before: 76.5 MB.
System memory in use after: 76.6 MB.

Unloading 19 unused Assets to reduce memory usage. Loaded Objects now: 2049.
Total: 3.162300 ms (FindLiveObjects: 0.230900 ms CreateObjectMapping: 0.073600 ms MarkObjects: 2.782100 ms  DeleteObjects: 0.074200 ms)

AssetImportParameters requested are different than current active one (requested -> active):
  custom:framework-win-MediaFoundation: 216162199b28c13a410421893ffa2e32 -> 
  custom:video-decoder-ogg-theora: a1e56fd34408186e4bbccfd4996cb3dc -> 
  custom:container-muxer-webm: aa71ff27fc2769a1b78a27578f13a17b -> 
  custom:container-demuxer-webm: 4f35f7cbe854078d1ac9338744f61a02 -> 
  custom:container-demuxer-ogg: 62fdf1f143b41e24485cea50d1cbac27 -> 
  custom:video-encoder-webm-vp8: eb34c28f22e8b96e1ab97ce403110664 -> 
  custom:video-decoder-webm-vp8: 9c59270c3fd7afecdb556c50c9e8de78 -> 
  custom:audio-decoder-ogg-vorbis: bf7c407c2cedff20999df2af8eb42d56 -> 
  custom:audio-encoder-webm-vorbis: bf7c407c2cedff20999df2af8eb42d56 -> 
========================================================================
Received Import Request.
  path: Assets/Skillbox Assets/Palette_3.png
  artifactKey: Guid(cb9bfdf63f347ba4ea4d63ee2a455728) Importer(815301076,1909f56bfc062723c751e8b465ee728b)
Start importing Assets/Skillbox Assets/Palette_3.png using Guid(cb9bfdf63f347ba4ea4d63ee2a455728) Importer(815301076,1909f56bfc062723c751e8b465ee728b)  -> (artifact id: '8c07b33be2da30aeed0e98d1d6943489') in 0.096668 seconds 
  Import took 0.099244 seconds .

========================================================================
Received Import Request.
  Time since last request: 0.000377 seconds.
  path: Assets/Skillbox Assets/TD4.fbx
  artifactKey: Guid(d3ae0185b75d4e5458fb39ce64e66e52) Importer(815301076,1909f56bfc062723c751e8b465ee728b)
Start importing Assets/Skillbox Assets/TD4.fbx using Guid(d3ae0185b75d4e5458fb39ce64e66e52) Importer(815301076,1909f56bfc062723c751e8b465ee728b)  -> (artifact id: 'd3f0057abb8b8daf41ef4d527e552f4e') in 0.761022 seconds 
  Import took 0.764185 seconds .

========================================================================
Received Import Request.
  Time since last request: 0.000283 seconds.
  path: Assets/Skillbox Assets/Palette.png
  artifactKey: Guid(6ec9a1d643a8f5647bd7ce576f9fa2a9) Importer(815301076,1909f56bfc062723c751e8b465ee728b)
Start importing Assets/Skillbox Assets/Palette.png using Guid(6ec9a1d643a8f5647bd7ce576f9fa2a9) Importer(815301076,1909f56bfc062723c751e8b465ee728b)  -> (artifact id: '4b79fe643ee25473df3e086f3d4e45fe') in 0.006776 seconds 
  Import took 0.009623 seconds .

========================================================================
Received Import Request.
  Time since last request: 0.000330 seconds.
  path: Assets/Skillbox Assets
  artifactKey: Guid(edac74c681b19de4eb61907c964daa69) Importer(815301076,1909f56bfc062723c751e8b465ee728b)
Start importing Assets/Skillbox Assets using Guid(edac74c681b19de4eb61907c964daa69) Importer(815301076,1909f56bfc062723c751e8b465ee728b)  -> (artifact id: 'dcd51d4c2a9a58d1bc6fa6f314352b9c') in 0.002005 seconds 
  Import took 0.005511 seconds .

========================================================================
Received Import Request.
  Time since last request: 6.098794 seconds.
  path: Assets/Scripts/GameManager.cs
  artifactKey: Guid(b64df46d9ebed4d428c115fe6ab0bddc) Importer(815301076,1909f56bfc062723c751e8b465ee728b)
Start importing Assets/Scripts/GameManager.cs using Guid(b64df46d9ebed4d428c115fe6ab0bddc) Importer(815301076,1909f56bfc062723c751e8b465ee728b)  -> (artifact id: '6a744bc473e0c35ab2270686393da0b7') in 0.040632 seconds 
  Import took 0.043776 seconds .

========================================================================
Received Import Request.
  Time since last request: 0.279032 seconds.
  path: Assets/Scripts/New Lighting Settings.lighting
  artifactKey: Guid(11cd5fe5f94bf2a4ab06acd2f27d0aa6) Importer(815301076,1909f56bfc062723c751e8b465ee728b)
Start importing Assets/Scripts/New Lighting Settings.lighting using Guid(11cd5fe5f94bf2a4ab06acd2f27d0aa6) Importer(815301076,1909f56bfc062723c751e8b465ee728b) LightingSettings: switching bake backend from 1 to 2.
 -> (artifact id: '7132b466dd79cfbb0af020b9720da42c') in 0.004150 seconds 
  Import took 0.007142 seconds .

AssetImportWorkerClient::OnTransportError - code=2 error=End of file
